<?xml version="1.0" encoding="UTF-8"?>
<!-- Generated by org.testng.reporters.JUnitXMLReporter -->
<testsuite hostname="C40GF127BTRIN" ignored="4" name="Surefire test" tests="7" failures="0" timestamp="08 Apr 2019 06:13:15 GMT" time="0.581" errors="0">
  <testcase name="b" time="0.0" classname="testcases.TestCase1"/>
  <testcase name="f" time="0.0" classname="testcases.TestCase1"/>
  <testcase name="beforeTest" time="0.0" classname="testcases.TestCase1"/>
  <testcase name="login" time="0.027" classname="testcases.LoginTest"/>
  <testcase name="getData" time="0.0" classname="testcases.AddCustomerTest"/>
  <testcase name="getData" time="0.0" classname="testcases.AddCustomerTest"/>
  <testcase name="getData" time="0.0" classname="testcases.AddCustomerTest"/>
  <testcase name="@BeforeSuite setup" time="0.0" classname="base.TestBase">
    <ignored/>
  </testcase> <!-- @BeforeSuite setup -->
  <testcase name="@BeforeSuite setup" time="0.0" classname="base.TestBase">
    <ignored/>
  </testcase> <!-- @BeforeSuite setup -->
  <testcase name="@AfterSuite tearDown" time="0.0" classname="base.TestBase">
    <ignored/>
  </testcase> <!-- @AfterSuite tearDown -->
  <testcase name="@AfterSuite tearDown" time="0.0" classname="base.TestBase">
    <ignored/>
  </testcase> <!-- @AfterSuite tearDown -->
</testsuite> <!-- Surefire test -->
