<?xml version="1.0" encoding="UTF-8"?>
<!-- Generated by org.testng.reporters.JUnitXMLReporter -->
<testsuite hostname="C40GF127BTRIN" ignored="6" name="Surefire test" tests="6" failures="0" timestamp="12 Apr 2019 03:51:58 GMT" time="41.052" errors="0">
  <testcase name="beforeTest" time="0.001" classname="testcases.TestCase1"/>
  <testcase name="b" time="0.001" classname="testcases.TestCase1"/>
  <testcase name="f" time="0.001" classname="testcases.TestCase1"/>
  <testcase name="login" time="0.066" classname="testcases.LoginTest"/>
  <testcase name="getData" time="40.331" classname="testcases.OpenAccount1Test"/>
  <testcase name="getData" time="40.444" classname="testcases.AddCustomerTest"/>
  <testcase name="@BeforeSuite setup" time="0.0" classname="base.TestBase">
    <ignored/>
  </testcase> <!-- @BeforeSuite setup -->
  <testcase name="@BeforeSuite setup" time="0.0" classname="base.TestBase">
    <ignored/>
  </testcase> <!-- @BeforeSuite setup -->
  <testcase name="@BeforeSuite setup" time="0.0" classname="base.TestBase">
    <ignored/>
  </testcase> <!-- @BeforeSuite setup -->
  <testcase name="@AfterSuite tearDown" time="0.0" classname="base.TestBase">
    <ignored/>
  </testcase> <!-- @AfterSuite tearDown -->
  <testcase name="@AfterSuite tearDown" time="0.0" classname="base.TestBase">
    <ignored/>
  </testcase> <!-- @AfterSuite tearDown -->
  <testcase name="@AfterSuite tearDown" time="0.0" classname="base.TestBase">
    <ignored/>
  </testcase> <!-- @AfterSuite tearDown -->
</testsuite> <!-- Surefire test -->
