<?xml version="1.0" encoding="UTF-8"?>
<testsuite xmlns:xsi="http://www.w3.org/2001/XMLSchema-instance" xsi:noNamespaceSchemaLocation="https://maven.apache.org/surefire/maven-surefire-plugin/xsd/surefire-test-report-3.0.xsd" version="3.0" name="TestSuite" time="49.836" tests="6" errors="0" skipped="0" failures="0">
  <properties>
[...]
</properties>
  <testcase name="f" classname="testcases.TestCase1" time="0.001"/>
  <testcase name="b" classname="testcases.TestCase1" time="0.002"/>
  <testcase name="beforeTest" classname="testcases.TestCase1" time="0.002"/>
  <testcase name="login" classname="testcases.LoginTest" time="0.066"/>
  <testcase name="getData" classname="testcases.OpenAccount1Test" time="40.327"/>
  <testcase name="getData" classname="testcases.AddCustomerTest" time="40.444"/>
</testsuite>