<?xml version="1.0" encoding="UTF-8"?>
<testng-results skipped="0" failed="0" ignored="6" total="12" passed="6">
  <reporter-output>
  </reporter-output>
  <suite name="Surefire suite" duration-ms="41052" started-at="2019-04-12T03:51:17Z" finished-at="2019-04-12T03:51:58Z">
    <groups>
    </groups>
    <test name="Surefire test" duration-ms="41052" started-at="2019-04-12T03:51:17Z" finished-at="2019-04-12T03:51:58Z">
      <class name="base.TestBase">
        <test-method status="PASS" signature="setup()[pri:0, instance:base.TestBase@5702b3b1]" name="setup" is-config="true" duration-ms="7648" started-at="2019-04-12T09:21:09Z" finished-at="2019-04-12T09:21:17Z">
          <reporter-output>
          </reporter-output>
        </test-method> <!-- setup -->
        <test-method status="PASS" signature="tearDown()[pri:0, instance:base.TestBase@5702b3b1]" name="tearDown" is-config="true" duration-ms="673" started-at="2019-04-12T09:21:58Z" finished-at="2019-04-12T09:21:59Z">
          <reporter-output>
          </reporter-output>
        </test-method> <!-- tearDown -->
      </class> <!-- base.TestBase -->
      <class name="testcases.OpenAccount1Test">
        <test-method status="PASS" signature="getData(java.lang.String, java.lang.String)[pri:0, instance:testcases.OpenAccount1Test@3159c4b8]" name="getData" duration-ms="40331" started-at="2019-04-12T09:21:18Z" data-provider="a" finished-at="2019-04-12T09:21:58Z">
          <params>
            <param index="0">
              <value>
                <![CDATA[Manvir singh]]>
              </value>
            </param>
            <param index="1">
              <value>
                <![CDATA[Dollar]]>
              </value>
            </param>
          </params>
          <reporter-output>
          </reporter-output>
        </test-method> <!-- getData -->
      </class> <!-- testcases.OpenAccount1Test -->
      <class name="testcases.TestCase1">
        <test-method status="PASS" signature="beforeTest()[pri:0, instance:testcases.TestCase1@73846619]" name="beforeTest" duration-ms="1" started-at="2019-04-12T09:21:17Z" finished-at="2019-04-12T09:21:17Z">
          <reporter-output>
          </reporter-output>
        </test-method> <!-- beforeTest -->
        <test-method status="PASS" signature="f()[pri:0, instance:testcases.TestCase1@73846619]" name="f" duration-ms="1" started-at="2019-04-12T09:21:17Z" finished-at="2019-04-12T09:21:17Z">
          <reporter-output>
          </reporter-output>
        </test-method> <!-- f -->
        <test-method status="PASS" signature="b()[pri:0, instance:testcases.TestCase1@73846619]" name="b" duration-ms="1" started-at="2019-04-12T09:21:17Z" finished-at="2019-04-12T09:21:17Z">
          <reporter-output>
          </reporter-output>
        </test-method> <!-- b -->
      </class> <!-- testcases.TestCase1 -->
      <class name="testcases.AddCustomerTest">
        <test-method status="PASS" signature="getData(java.lang.String, java.lang.String, java.lang.String, java.lang.String)[pri:0, instance:testcases.AddCustomerTest@69ea3742]" name="getData" duration-ms="40444" started-at="2019-04-12T09:21:18Z" data-provider="a" finished-at="2019-04-12T09:21:58Z">
          <params>
            <param index="0">
              <value>
                <![CDATA[1.0]]>
              </value>
            </param>
            <param index="1">
              <value>
                <![CDATA[2.0]]>
              </value>
            </param>
            <param index="2">
              <value>
                <![CDATA[3.0]]>
              </value>
            </param>
            <param index="3">
              <value>
                <![CDATA[Customer added successfully]]>
              </value>
            </param>
          </params>
          <reporter-output>
          </reporter-output>
        </test-method> <!-- getData -->
      </class> <!-- testcases.AddCustomerTest -->
      <class name="testcases.LoginTest">
        <test-method status="PASS" signature="login()[pri:0, instance:testcases.LoginTest@4b952a2d]" name="login" duration-ms="66" started-at="2019-04-12T09:21:17Z" finished-at="2019-04-12T09:21:17Z">
          <reporter-output>
          </reporter-output>
        </test-method> <!-- login -->
      </class> <!-- testcases.LoginTest -->
    </test> <!-- Surefire test -->
  </suite> <!-- Surefire suite -->
</testng-results>
