<?xml version="1.0" encoding="UTF-8"?>
<testng-results skipped="0" failed="0" ignored="0" total="4" passed="4">
  <reporter-output>
  </reporter-output>
  <suite name="Learning Test" duration-ms="593" started-at="2019-04-08T05:37:10Z" finished-at="2019-04-08T05:37:11Z">
    <groups>
    </groups>
    <test name="Login Test" duration-ms="61" started-at="2019-04-08T05:37:10Z" finished-at="2019-04-08T05:37:10Z">
      <class name="testcases.LoginTest">
        <test-method status="PASS" signature="login()[pri:0, instance:testcases.LoginTest@57536d79]" name="login" duration-ms="32" started-at="2019-04-08T11:07:10Z" finished-at="2019-04-08T11:07:10Z">
          <reporter-output>
          </reporter-output>
        </test-method> <!-- login -->
      </class> <!-- testcases.LoginTest -->
    </test> <!-- Login Test -->
    <test name="AddCustomer Test" duration-ms="508" started-at="2019-04-08T05:37:10Z" finished-at="2019-04-08T05:37:11Z">
      <class name="testcases.AddCustomerTest">
        <test-method status="PASS" signature="setup()[pri:0, instance:testcases.AddCustomerTest@35d176f7]" name="setup" is-config="true" duration-ms="5356" started-at="2019-04-08T11:07:05Z" finished-at="2019-04-08T11:07:10Z">
          <reporter-output>
          </reporter-output>
        </test-method> <!-- setup -->
        <test-method status="PASS" signature="getData(java.lang.String, java.lang.String, java.lang.String)[pri:0, instance:testcases.AddCustomerTest@35d176f7]" name="getData" duration-ms="8" started-at="2019-04-08T11:07:11Z" data-provider="a" finished-at="2019-04-08T11:07:11Z">
          <params>
            <param index="0">
              <value>
                <![CDATA[fname]]>
              </value>
            </param>
            <param index="1">
              <value>
                <![CDATA[lname]]>
              </value>
            </param>
            <param index="2">
              <value>
                <![CDATA[pcode]]>
              </value>
            </param>
          </params>
          <reporter-output>
          </reporter-output>
        </test-method> <!-- getData -->
        <test-method status="PASS" signature="getData(java.lang.String, java.lang.String, java.lang.String)[pri:0, instance:testcases.AddCustomerTest@35d176f7]" name="getData" duration-ms="0" started-at="2019-04-08T11:07:11Z" data-provider="a" finished-at="2019-04-08T11:07:11Z">
          <params>
            <param index="0">
              <value>
                <![CDATA[1.0]]>
              </value>
            </param>
            <param index="1">
              <value>
                <![CDATA[2.0]]>
              </value>
            </param>
            <param index="2">
              <value>
                <![CDATA[3.0]]>
              </value>
            </param>
          </params>
          <reporter-output>
          </reporter-output>
        </test-method> <!-- getData -->
        <test-method status="PASS" signature="getData(java.lang.String, java.lang.String, java.lang.String)[pri:0, instance:testcases.AddCustomerTest@35d176f7]" name="getData" duration-ms="0" started-at="2019-04-08T11:07:11Z" data-provider="a" finished-at="2019-04-08T11:07:11Z">
          <params>
            <param index="0">
              <value>
                <![CDATA[6.0]]>
              </value>
            </param>
            <param index="1">
              <value>
                <![CDATA[5.0]]>
              </value>
            </param>
            <param index="2">
              <value>
                <![CDATA[4.0]]>
              </value>
            </param>
          </params>
          <reporter-output>
          </reporter-output>
        </test-method> <!-- getData -->
        <test-method status="PASS" signature="tearDown()[pri:0, instance:testcases.AddCustomerTest@35d176f7]" name="tearDown" is-config="true" duration-ms="619" started-at="2019-04-08T11:07:11Z" finished-at="2019-04-08T11:07:11Z">
          <reporter-output>
          </reporter-output>
        </test-method> <!-- tearDown -->
      </class> <!-- testcases.AddCustomerTest -->
    </test> <!-- AddCustomer Test -->
  </suite> <!-- Learning Test -->
</testng-results>
